This file contains any messages produced by compilers while
running configure, to aid debugging if configure makes a mistake.

It was created by configure, which was
generated by GNU Autoconf 2.61.  Invocation command line was

  $ ./configure --prefix=/home/fwjie/download/log4c-1.2.1/lib

## --------- ##
## Platform. ##
## --------- ##

hostname = ipr
uname -m = x86_64
uname -r = 4.4.0-21-generic
uname -s = Linux
uname -v = #37-Ubuntu SMP Mon Apr 18 18:33:37 UTC 2016

/usr/bin/uname -p = unknown
/bin/uname -X     = unknown

/bin/arch              = unknown
/usr/bin/arch -k       = unknown
/usr/convex/getsysinfo = unknown
/usr/bin/hostinfo      = unknown
/bin/machine           = unknown
/usr/bin/oslevel       = unknown
/bin/universe          = unknown

PATH: /usr/local/sbin
PATH: /usr/local/bin
PATH: /usr/sbin
PATH: /usr/bin
PATH: /sbin
PATH: /bin
PATH: /usr/games
PATH: /usr/local/games
PATH: /opt/arm-stm32/arm/bin
PATH: /usr/local/jdk1.8.0_121/bin
PATH: /opt/arm-stm32/arm/bin
PATH: /usr/local/jdk1.8.0_121/bin


## ----------- ##
## Core tests. ##
## ----------- ##

configure:2043: checking for a BSD-compatible install
configure:2099: result: /usr/bin/install -c
configure:2110: checking whether build environment is sane
configure:2153: result: yes
configure:2181: checking for a thread-safe mkdir -p
configure:2220: result: /bin/mkdir -p
configure:2233: checking for gawk
configure:2249: found /usr/bin/gawk
configure:2260: result: gawk
configure:2271: checking whether make sets $(MAKE)
configure:2292: result: yes
configure:2487: checking build system type
configure:2505: result: x86_64-unknown-linux-gnu
configure:2527: checking host system type
configure:2542: result: x86_64-unknown-linux-gnu
configure:2579: checking for bison
configure:2609: result: no
configure:2579: checking for byacc
configure:2609: result: no
configure:2666: checking for gcc
configure:2682: found /usr/bin/gcc
configure:2693: result: gcc
configure:2931: checking for C compiler version
configure:2938: gcc --version >&5
gcc (Ubuntu 5.4.0-6ubuntu1~16.04.2) 5.4.0 20160609
Copyright (C) 2015 Free Software Foundation, Inc.
This is free software; see the source for copying conditions.  There is NO
warranty; not even for MERCHANTABILITY or FITNESS FOR A PARTICULAR PURPOSE.

configure:2941: $? = 0
configure:2948: gcc -v >&5
Using built-in specs.
COLLECT_GCC=gcc
COLLECT_LTO_WRAPPER=/usr/lib/gcc/x86_64-linux-gnu/5/lto-wrapper
Target: x86_64-linux-gnu
Configured with: ../src/configure -v --with-pkgversion='Ubuntu 5.4.0-6ubuntu1~16.04.2' --with-bugurl=file:///usr/share/doc/gcc-5/README.Bugs --enable-languages=c,ada,c++,java,go,d,fortran,objc,obj-c++ --prefix=/usr --program-suffix=-5 --enable-shared --enable-linker-build-id --libexecdir=/usr/lib --without-included-gettext --enable-threads=posix --libdir=/usr/lib --enable-nls --with-sysroot=/ --enable-clocale=gnu --enable-libstdcxx-debug --enable-libstdcxx-time=yes --with-default-libstdcxx-abi=new --enable-gnu-unique-object --disable-vtable-verify --enable-libmpx --enable-plugin --with-system-zlib --disable-browser-plugin --enable-java-awt=gtk --enable-gtk-cairo --with-java-home=/usr/lib/jvm/java-1.5.0-gcj-5-amd64/jre --enable-java-home --with-jvm-root-dir=/usr/lib/jvm/java-1.5.0-gcj-5-amd64 --with-jvm-jar-dir=/usr/lib/jvm-exports/java-1.5.0-gcj-5-amd64 --with-arch-directory=amd64 --with-ecj-jar=/usr/share/java/eclipse-ecj.jar --enable-objc-gc --enable-multiarch --disable-werror --with-arch-32=i686 --with-abi=m64 --with-multilib-list=m32,m64,mx32 --enable-multilib --with-tune=generic --enable-checking=release --build=x86_64-linux-gnu --host=x86_64-linux-gnu --target=x86_64-linux-gnu
Thread model: posix
gcc version 5.4.0 20160609 (Ubuntu 5.4.0-6ubuntu1~16.04.2) 
configure:2951: $? = 0
configure:2958: gcc -V >&5
gcc: error: unrecognized command line option '-V'
gcc: fatal error: no input files
compilation terminated.
configure:2961: $? = 1
configure:2984: checking for C compiler default output file name
configure:3011: gcc    conftest.c  >&5
configure:3014: $? = 0
configure:3052: result: a.out
configure:3069: checking whether the C compiler works
configure:3079: ./a.out
configure:3082: $? = 0
configure:3099: result: yes
configure:3106: checking whether we are cross compiling
configure:3108: result: no
configure:3111: checking for suffix of executables
configure:3118: gcc -o conftest    conftest.c  >&5
configure:3121: $? = 0
configure:3145: result: 
configure:3151: checking for suffix of object files
configure:3177: gcc -c   conftest.c >&5
configure:3180: $? = 0
configure:3203: result: o
configure:3207: checking whether we are using the GNU C compiler
configure:3236: gcc -c   conftest.c >&5
configure:3242: $? = 0
configure:3259: result: yes
configure:3264: checking whether gcc accepts -g
configure:3294: gcc -c -g  conftest.c >&5
configure:3300: $? = 0
configure:3399: result: yes
configure:3416: checking for gcc option to accept ISO C89
configure:3490: gcc  -c -g -O2  conftest.c >&5
configure:3496: $? = 0
configure:3519: result: none needed
configure:3548: checking for style of include used by make
configure:3576: result: GNU
configure:3601: checking dependency style of gcc
configure:3692: result: gcc3
configure:3712: checking how to run the C preprocessor
configure:3752: gcc -E  conftest.c
configure:3758: $? = 0
configure:3789: gcc -E  conftest.c
conftest.c:11:28: fatal error: ac_nonexistent.h: No such file or directory
compilation terminated.
configure:3795: $? = 1
configure: failed program was:
| /* confdefs.h.  */
| #define PACKAGE_NAME ""
| #define PACKAGE_TARNAME ""
| #define PACKAGE_VERSION ""
| #define PACKAGE_STRING ""
| #define PACKAGE_BUGREPORT ""
| #define PACKAGE "log4c"
| #define VERSION "1.2.1"
| #define _GNU_SOURCE 1
| /* end confdefs.h.  */
| #include <ac_nonexistent.h>
configure:3828: result: gcc -E
configure:3857: gcc -E  conftest.c
configure:3863: $? = 0
configure:3894: gcc -E  conftest.c
conftest.c:11:28: fatal error: ac_nonexistent.h: No such file or directory
compilation terminated.
configure:3900: $? = 1
configure: failed program was:
| /* confdefs.h.  */
| #define PACKAGE_NAME ""
| #define PACKAGE_TARNAME ""
| #define PACKAGE_VERSION ""
| #define PACKAGE_STRING ""
| #define PACKAGE_BUGREPORT ""
| #define PACKAGE "log4c"
| #define VERSION "1.2.1"
| #define _GNU_SOURCE 1
| /* end confdefs.h.  */
| #include <ac_nonexistent.h>
configure:3942: checking for flex
configure:3972: result: no
configure:3942: checking for lex
configure:3972: result: no
configure:4149: checking for gawk
configure:4176: result: gawk
configure:4200: checking for a BSD-compatible install
configure:4256: result: /usr/bin/install -c
configure:4267: checking whether ln -s works
configure:4271: result: yes
configure:4278: checking whether make sets $(MAKE)
configure:4299: result: yes
configure:4351: checking for ranlib
configure:4367: found /usr/bin/ranlib
configure:4378: result: ranlib
configure:4476: checking for a sed that does not truncate output
configure:4530: result: /bin/sed
configure:4533: checking for grep that handles long lines and -e
configure:4607: result: /bin/grep
configure:4612: checking for egrep
configure:4690: result: /bin/grep -E
configure:4706: checking for ld used by gcc
configure:4773: result: /usr/bin/ld
configure:4782: checking if the linker (/usr/bin/ld) is GNU ld
configure:4797: result: yes
configure:4802: checking for /usr/bin/ld option to reload object files
configure:4809: result: -r
configure:4827: checking for BSD-compatible nm
configure:4876: result: /usr/bin/nm -B
configure:4880: checking how to recognise dependent libraries
configure:5056: result: pass_all
configure:5143: gcc -c -g -O2  conftest.c >&5
configure:5146: $? = 0
configure:5285: checking for ANSI C header files
configure:5315: gcc -c -g -O2  conftest.c >&5
configure:5321: $? = 0
configure:5420: gcc -o conftest -g -O2   conftest.c  >&5
configure:5423: $? = 0
configure:5429: ./conftest
configure:5432: $? = 0
configure:5449: result: yes
configure:5473: checking for sys/types.h
configure:5494: gcc -c -g -O2  conftest.c >&5
configure:5500: $? = 0
configure:5516: result: yes
configure:5473: checking for sys/stat.h
configure:5494: gcc -c -g -O2  conftest.c >&5
configure:5500: $? = 0
configure:5516: result: yes
configure:5473: checking for stdlib.h
configure:5494: gcc -c -g -O2  conftest.c >&5
configure:5500: $? = 0
configure:5516: result: yes
configure:5473: checking for string.h
configure:5494: gcc -c -g -O2  conftest.c >&5
configure:5500: $? = 0
configure:5516: result: yes
configure:5473: checking for memory.h
configure:5494: gcc -c -g -O2  conftest.c >&5
configure:5500: $? = 0
configure:5516: result: yes
configure:5473: checking for strings.h
configure:5494: gcc -c -g -O2  conftest.c >&5
configure:5500: $? = 0
configure:5516: result: yes
configure:5473: checking for inttypes.h
configure:5494: gcc -c -g -O2  conftest.c >&5
configure:5500: $? = 0
configure:5516: result: yes
configure:5473: checking for stdint.h
configure:5494: gcc -c -g -O2  conftest.c >&5
configure:5500: $? = 0
configure:5516: result: yes
configure:5473: checking for unistd.h
configure:5494: gcc -c -g -O2  conftest.c >&5
configure:5500: $? = 0
configure:5516: result: yes
configure:5543: checking dlfcn.h usability
configure:5560: gcc -c -g -O2  conftest.c >&5
configure:5566: $? = 0
configure:5580: result: yes
configure:5584: checking dlfcn.h presence
configure:5599: gcc -E  conftest.c
configure:5605: $? = 0
configure:5619: result: yes
configure:5647: checking for dlfcn.h
configure:5655: result: yes
configure:5726: checking for g++
configure:5742: found /usr/bin/g++
configure:5753: result: g++
configure:5784: checking for C++ compiler version
configure:5791: g++ --version >&5
g++ (Ubuntu 5.4.0-6ubuntu1~16.04.2) 5.4.0 20160609
Copyright (C) 2015 Free Software Foundation, Inc.
This is free software; see the source for copying conditions.  There is NO
warranty; not even for MERCHANTABILITY or FITNESS FOR A PARTICULAR PURPOSE.

configure:5794: $? = 0
configure:5801: g++ -v >&5
Using built-in specs.
COLLECT_GCC=g++
COLLECT_LTO_WRAPPER=/usr/lib/gcc/x86_64-linux-gnu/5/lto-wrapper
Target: x86_64-linux-gnu
Configured with: ../src/configure -v --with-pkgversion='Ubuntu 5.4.0-6ubuntu1~16.04.2' --with-bugurl=file:///usr/share/doc/gcc-5/README.Bugs --enable-languages=c,ada,c++,java,go,d,fortran,objc,obj-c++ --prefix=/usr --program-suffix=-5 --enable-shared --enable-linker-build-id --libexecdir=/usr/lib --without-included-gettext --enable-threads=posix --libdir=/usr/lib --enable-nls --with-sysroot=/ --enable-clocale=gnu --enable-libstdcxx-debug --enable-libstdcxx-time=yes --with-default-libstdcxx-abi=new --enable-gnu-unique-object --disable-vtable-verify --enable-libmpx --enable-plugin --with-system-zlib --disable-browser-plugin --enable-java-awt=gtk --enable-gtk-cairo --with-java-home=/usr/lib/jvm/java-1.5.0-gcj-5-amd64/jre --enable-java-home --with-jvm-root-dir=/usr/lib/jvm/java-1.5.0-gcj-5-amd64 --with-jvm-jar-dir=/usr/lib/jvm-exports/java-1.5.0-gcj-5-amd64 --with-arch-directory=amd64 --with-ecj-jar=/usr/share/java/eclipse-ecj.jar --enable-objc-gc --enable-multiarch --disable-werror --with-arch-32=i686 --with-abi=m64 --with-multilib-list=m32,m64,mx32 --enable-multilib --with-tune=generic --enable-checking=release --build=x86_64-linux-gnu --host=x86_64-linux-gnu --target=x86_64-linux-gnu
Thread model: posix
gcc version 5.4.0 20160609 (Ubuntu 5.4.0-6ubuntu1~16.04.2) 
configure:5804: $? = 0
configure:5811: g++ -V >&5
g++: error: unrecognized command line option '-V'
g++: fatal error: no input files
compilation terminated.
configure:5814: $? = 1
configure:5817: checking whether we are using the GNU C++ compiler
configure:5846: g++ -c   conftest.cpp >&5
configure:5852: $? = 0
configure:5869: result: yes
configure:5874: checking whether g++ accepts -g
configure:5904: g++ -c -g  conftest.cpp >&5
configure:5910: $? = 0
configure:6009: result: yes
configure:6034: checking dependency style of g++
configure:6125: result: gcc3
configure:6150: checking how to run the C++ preprocessor
configure:6186: g++ -E  conftest.cpp
configure:6192: $? = 0
configure:6223: g++ -E  conftest.cpp
conftest.cpp:22:28: fatal error: ac_nonexistent.h: No such file or directory
compilation terminated.
configure:6229: $? = 1
configure: failed program was:
| /* confdefs.h.  */
| #define PACKAGE_NAME ""
| #define PACKAGE_TARNAME ""
| #define PACKAGE_VERSION ""
| #define PACKAGE_STRING ""
| #define PACKAGE_BUGREPORT ""
| #define PACKAGE "log4c"
| #define VERSION "1.2.1"
| #define _GNU_SOURCE 1
| #define STDC_HEADERS 1
| #define HAVE_SYS_TYPES_H 1
| #define HAVE_SYS_STAT_H 1
| #define HAVE_STDLIB_H 1
| #define HAVE_STRING_H 1
| #define HAVE_MEMORY_H 1
| #define HAVE_STRINGS_H 1
| #define HAVE_INTTYPES_H 1
| #define HAVE_STDINT_H 1
| #define HAVE_UNISTD_H 1
| #define HAVE_DLFCN_H 1
| /* end confdefs.h.  */
| #include <ac_nonexistent.h>
configure:6262: result: g++ -E
configure:6291: g++ -E  conftest.cpp
configure:6297: $? = 0
configure:6328: g++ -E  conftest.cpp
conftest.cpp:22:28: fatal error: ac_nonexistent.h: No such file or directory
compilation terminated.
configure:6334: $? = 1
configure: failed program was:
| /* confdefs.h.  */
| #define PACKAGE_NAME ""
| #define PACKAGE_TARNAME ""
| #define PACKAGE_VERSION ""
| #define PACKAGE_STRING ""
| #define PACKAGE_BUGREPORT ""
| #define PACKAGE "log4c"
| #define VERSION "1.2.1"
| #define _GNU_SOURCE 1
| #define STDC_HEADERS 1
| #define HAVE_SYS_TYPES_H 1
| #define HAVE_SYS_STAT_H 1
| #define HAVE_STDLIB_H 1
| #define HAVE_STRING_H 1
| #define HAVE_MEMORY_H 1
| #define HAVE_STRINGS_H 1
| #define HAVE_INTTYPES_H 1
| #define HAVE_STDINT_H 1
| #define HAVE_UNISTD_H 1
| #define HAVE_DLFCN_H 1
| /* end confdefs.h.  */
| #include <ac_nonexistent.h>
configure:6427: checking for g77
configure:6457: result: no
configure:6427: checking for xlf
configure:6457: result: no
configure:6427: checking for f77
configure:6457: result: no
configure:6427: checking for frt
configure:6457: result: no
configure:6427: checking for pgf77
configure:6457: result: no
configure:6427: checking for cf77
configure:6457: result: no
configure:6427: checking for fort77
configure:6457: result: no
configure:6427: checking for fl32
configure:6457: result: no
configure:6427: checking for af77
configure:6457: result: no
configure:6427: checking for xlf90
configure:6457: result: no
configure:6427: checking for f90
configure:6457: result: no
configure:6427: checking for pgf90
configure:6457: result: no
configure:6427: checking for pghpf
configure:6457: result: no
configure:6427: checking for epcf90
configure:6457: result: no
configure:6427: checking for gfortran
configure:6457: result: no
configure:6427: checking for g95
configure:6457: result: no
configure:6427: checking for xlf95
configure:6457: result: no
configure:6427: checking for f95
configure:6457: result: no
configure:6427: checking for fort
configure:6457: result: no
configure:6427: checking for ifort
configure:6457: result: no
configure:6427: checking for ifc
configure:6457: result: no
configure:6427: checking for efc
configure:6457: result: no
configure:6427: checking for pgf95
configure:6457: result: no
configure:6427: checking for lf95
configure:6457: result: no
configure:6427: checking for ftn
configure:6457: result: no
configure:6484: checking for Fortran 77 compiler version
configure:6491:  --version >&5
./configure: line 6492: --version: command not found
configure:6494: $? = 127
configure:6501:  -v >&5
./configure: line 6502: -v: command not found
configure:6504: $? = 127
configure:6511:  -V >&5
./configure: line 6512: -V: command not found
configure:6514: $? = 127
configure:6522: checking whether we are using the GNU Fortran 77 compiler
configure:6541:  -c  conftest.F >&5
./configure: line 6542: -c: command not found
configure:6547: $? = 127
configure: failed program was:
|       program main
| #ifndef __GNUC__
|        choke me
| #endif
| 
|       end
configure:6564: result: no
configure:6570: checking whether  accepts -g
configure:6587:  -c -g conftest.f >&5
./configure: line 6588: -c: command not found
configure:6593: $? = 127
configure: failed program was:
|       program main
| 
|       end
configure:6609: result: no
configure:6639: checking the maximum length of command line arguments
configure:6748: result: 32768
configure:6759: checking command to parse /usr/bin/nm -B output from gcc object
configure:6864: gcc -c -g -O2  conftest.c >&5
configure:6867: $? = 0
configure:6871: /usr/bin/nm -B conftest.o \| sed -n -e 's/^.*[ 	]\([ABCDGIRSTW][ABCDGIRSTW]*\)[ 	][ 	]*\([_A-Za-z][_A-Za-z0-9]*\)$/\1 \2 \2/p' \> conftest.nm
configure:6874: $? = 0
configure:6926: gcc -o conftest -g -O2   conftest.c conftstm.o >&5
configure:6929: $? = 0
configure:6967: result: ok
configure:6971: checking for objdir
configure:6986: result: .libs
configure:7078: checking for ar
configure:7094: found /usr/bin/ar
configure:7105: result: ar
configure:7174: checking for ranlib
configure:7201: result: ranlib
configure:7270: checking for strip
configure:7286: found /usr/bin/strip
configure:7297: result: strip
configure:7534: checking for correct ltmain.sh version
configure:7584: result: yes
configure:7644: checking if gcc supports -fno-rtti -fno-exceptions
configure:7662: gcc -c -g -O2  -fno-rtti -fno-exceptions conftest.c >&5
cc1: warning: command line option '-fno-rtti' is valid for C++/ObjC++ but not for C
configure:7666: $? = 0
configure:7679: result: no
configure:7694: checking for gcc option to produce PIC
configure:7904: result: -fPIC
configure:7912: checking if gcc PIC flag -fPIC works
configure:7930: gcc -c -g -O2  -fPIC -DPIC conftest.c >&5
configure:7934: $? = 0
configure:7947: result: yes
configure:7975: checking if gcc static flag -static works
configure:8003: result: yes
configure:8013: checking if gcc supports -c -o file.o
configure:8034: gcc -c -g -O2  -o out/conftest2.o conftest.c >&5
configure:8038: $? = 0
configure:8060: result: yes
configure:8086: checking whether the gcc linker (/usr/bin/ld -m elf_x86_64) supports shared libraries
configure:9040: result: yes
configure:9061: checking whether -lc should be explicitly linked in
configure:9066: gcc -c -g -O2  conftest.c >&5
configure:9069: $? = 0
configure:9084: gcc -shared conftest.o  -v -Wl,-soname -Wl,conftest -o conftest 2\>\&1 \| grep  -lc  \>/dev/null 2\>\&1
configure:9087: $? = 0
configure:9099: result: no
configure:9107: checking dynamic linker characteristics
configure:9732: result: GNU/Linux ld.so
configure:9741: checking how to hardcode library paths into programs
configure:9766: result: immediate
configure:9780: checking whether stripping libraries is possible
configure:9785: result: yes
configure:10586: checking if libtool supports shared libraries
configure:10588: result: yes
configure:10591: checking whether to build shared libraries
configure:10612: result: yes
configure:10615: checking whether to build static libraries
configure:10619: result: yes
configure:10711: creating libtool
configure:11299: checking for ld used by g++
configure:11366: result: /usr/bin/ld -m elf_x86_64
configure:11375: checking if the linker (/usr/bin/ld -m elf_x86_64) is GNU ld
configure:11390: result: yes
configure:11441: checking whether the g++ linker (/usr/bin/ld -m elf_x86_64) supports shared libraries
configure:12375: result: yes
configure:12393: g++ -c -g -O2  conftest.cpp >&5
configure:12396: $? = 0
configure:12515: checking for g++ option to produce PIC
configure:12789: result: -fPIC
configure:12797: checking if g++ PIC flag -fPIC works
configure:12815: g++ -c -g -O2  -fPIC -DPIC conftest.cpp >&5
configure:12819: $? = 0
configure:12832: result: yes
configure:12860: checking if g++ static flag -static works
configure:12888: result: yes
configure:12898: checking if g++ supports -c -o file.o
configure:12919: g++ -c -g -O2  -o out/conftest2.o conftest.cpp >&5
configure:12923: $? = 0
configure:12945: result: yes
configure:12971: checking whether the g++ linker (/usr/bin/ld -m elf_x86_64) supports shared libraries
configure:12996: result: yes
configure:13063: checking dynamic linker characteristics
configure:13688: result: GNU/Linux ld.so
configure:13697: checking how to hardcode library paths into programs
configure:13722: result: immediate
configure:19997: checking pthread.h usability
configure:20014: gcc -c -g -O2 -Wall  conftest.c >&5
configure:20020: $? = 0
configure:20034: result: yes
configure:20038: checking pthread.h presence
configure:20053: gcc -E  conftest.c
configure:20059: $? = 0
configure:20073: result: yes
configure:20101: checking for pthread.h
configure:20108: result: yes
configure:20114: checking for pthread_mutex_init in -lpthread
configure:20149: gcc -o conftest -g -O2 -Wall   conftest.c -lpthread   >&5
configure:20155: $? = 0
configure:20173: result: yes
configure:20183: Compile with rollingfile code
configure:20229: checking for ANSI C header files
configure:20393: result: yes
configure:20434: checking fcntl.h usability
configure:20451: gcc -c -g -O2 -Wall  conftest.c >&5
configure:20457: $? = 0
configure:20471: result: yes
configure:20475: checking fcntl.h presence
configure:20490: gcc -E  conftest.c
configure:20496: $? = 0
configure:20510: result: yes
configure:20538: checking for fcntl.h
configure:20546: result: yes
configure:20424: checking for inttypes.h
configure:20430: result: yes
configure:20434: checking langinfo.h usability
configure:20451: gcc -c -g -O2 -Wall  conftest.c >&5
configure:20457: $? = 0
configure:20471: result: yes
configure:20475: checking langinfo.h presence
configure:20490: gcc -E  conftest.c
configure:20496: $? = 0
configure:20510: result: yes
configure:20538: checking for langinfo.h
configure:20546: result: yes
configure:20434: checking limits.h usability
configure:20451: gcc -c -g -O2 -Wall  conftest.c >&5
configure:20457: $? = 0
configure:20471: result: yes
configure:20475: checking limits.h presence
configure:20490: gcc -E  conftest.c
configure:20496: $? = 0
configure:20510: result: yes
configure:20538: checking for limits.h
configure:20546: result: yes
configure:20434: checking stddef.h usability
configure:20451: gcc -c -g -O2 -Wall  conftest.c >&5
configure:20457: $? = 0
configure:20471: result: yes
configure:20475: checking stddef.h presence
configure:20490: gcc -E  conftest.c
configure:20496: $? = 0
configure:20510: result: yes
configure:20538: checking for stddef.h
configure:20546: result: yes
configure:20424: checking for stdint.h
configure:20430: result: yes
configure:20424: checking for stdlib.h
configure:20430: result: yes
configure:20424: checking for string.h
configure:20430: result: yes
configure:20434: checking sys/time.h usability
configure:20451: gcc -c -g -O2 -Wall  conftest.c >&5
configure:20457: $? = 0
configure:20471: result: yes
configure:20475: checking sys/time.h presence
configure:20490: gcc -E  conftest.c
configure:20496: $? = 0
configure:20510: result: yes
configure:20538: checking for sys/time.h
configure:20546: result: yes
configure:20434: checking syslog.h usability
configure:20451: gcc -c -g -O2 -Wall  conftest.c >&5
configure:20457: $? = 0
configure:20471: result: yes
configure:20475: checking syslog.h presence
configure:20490: gcc -E  conftest.c
configure:20496: $? = 0
configure:20510: result: yes
configure:20538: checking for syslog.h
configure:20546: result: yes
configure:20424: checking for unistd.h
configure:20430: result: yes
configure:20434: checking stdarg.h usability
configure:20451: gcc -c -g -O2 -Wall  conftest.c >&5
configure:20457: $? = 0
configure:20471: result: yes
configure:20475: checking stdarg.h presence
configure:20490: gcc -E  conftest.c
configure:20496: $? = 0
configure:20510: result: yes
configure:20538: checking for stdarg.h
configure:20546: result: yes
configure:20434: checking varargs.h usability
configure:20451: gcc -c -g -O2 -Wall  conftest.c >&5
In file included from conftest.c:69:0:
/usr/lib/gcc/x86_64-linux-gnu/5/include/varargs.h:4:2: error: #error "GCC no longer implements <varargs.h>."
 #error "GCC no longer implements <varargs.h>."
  ^
/usr/lib/gcc/x86_64-linux-gnu/5/include/varargs.h:5:2: error: #error "Revise your code to use <stdarg.h>."
 #error "Revise your code to use <stdarg.h>."
  ^
configure:20457: $? = 1
configure: failed program was:
| /* confdefs.h.  */
| #define PACKAGE_NAME ""
| #define PACKAGE_TARNAME ""
| #define PACKAGE_VERSION ""
| #define PACKAGE_STRING ""
| #define PACKAGE_BUGREPORT ""
| #define PACKAGE "log4c"
| #define VERSION "1.2.1"
| #define _GNU_SOURCE 1
| #define STDC_HEADERS 1
| #define HAVE_SYS_TYPES_H 1
| #define HAVE_SYS_STAT_H 1
| #define HAVE_STDLIB_H 1
| #define HAVE_STRING_H 1
| #define HAVE_MEMORY_H 1
| #define HAVE_STRINGS_H 1
| #define HAVE_INTTYPES_H 1
| #define HAVE_STDINT_H 1
| #define HAVE_UNISTD_H 1
| #define HAVE_DLFCN_H 1
| #define WITH_ROLLINGFILE
| #define STDC_HEADERS 1
| #define HAVE_FCNTL_H 1
| #define HAVE_INTTYPES_H 1
| #define HAVE_LANGINFO_H 1
| #define HAVE_LIMITS_H 1
| #define HAVE_STDDEF_H 1
| #define HAVE_STDINT_H 1
| #define HAVE_STDLIB_H 1
| #define HAVE_STRING_H 1
| #define HAVE_SYS_TIME_H 1
| #define HAVE_SYSLOG_H 1
| #define HAVE_UNISTD_H 1
| #define HAVE_STDARG_H 1
| /* end confdefs.h.  */
| #include <stdio.h>
| #ifdef HAVE_SYS_TYPES_H
| # include <sys/types.h>
| #endif
| #ifdef HAVE_SYS_STAT_H
| # include <sys/stat.h>
| #endif
| #ifdef STDC_HEADERS
| # include <stdlib.h>
| # include <stddef.h>
| #else
| # ifdef HAVE_STDLIB_H
| #  include <stdlib.h>
| # endif
| #endif
| #ifdef HAVE_STRING_H
| # if !defined STDC_HEADERS && defined HAVE_MEMORY_H
| #  include <memory.h>
| # endif
| # include <string.h>
| #endif
| #ifdef HAVE_STRINGS_H
| # include <strings.h>
| #endif
| #ifdef HAVE_INTTYPES_H
| # include <inttypes.h>
| #endif
| #ifdef HAVE_STDINT_H
| # include <stdint.h>
| #endif
| #ifdef HAVE_UNISTD_H
| # include <unistd.h>
| #endif
| #include <varargs.h>
configure:20471: result: no
configure:20475: checking varargs.h presence
configure:20490: gcc -E  conftest.c
In file included from conftest.c:36:0:
/usr/lib/gcc/x86_64-linux-gnu/5/include/varargs.h:4:2: error: #error "GCC no longer implements <varargs.h>."
 #error "GCC no longer implements <varargs.h>."
  ^
/usr/lib/gcc/x86_64-linux-gnu/5/include/varargs.h:5:2: error: #error "Revise your code to use <stdarg.h>."
 #error "Revise your code to use <stdarg.h>."
  ^
configure:20496: $? = 1
configure: failed program was:
| /* confdefs.h.  */
| #define PACKAGE_NAME ""
| #define PACKAGE_TARNAME ""
| #define PACKAGE_VERSION ""
| #define PACKAGE_STRING ""
| #define PACKAGE_BUGREPORT ""
| #define PACKAGE "log4c"
| #define VERSION "1.2.1"
| #define _GNU_SOURCE 1
| #define STDC_HEADERS 1
| #define HAVE_SYS_TYPES_H 1
| #define HAVE_SYS_STAT_H 1
| #define HAVE_STDLIB_H 1
| #define HAVE_STRING_H 1
| #define HAVE_MEMORY_H 1
| #define HAVE_STRINGS_H 1
| #define HAVE_INTTYPES_H 1
| #define HAVE_STDINT_H 1
| #define HAVE_UNISTD_H 1
| #define HAVE_DLFCN_H 1
| #define WITH_ROLLINGFILE
| #define STDC_HEADERS 1
| #define HAVE_FCNTL_H 1
| #define HAVE_INTTYPES_H 1
| #define HAVE_LANGINFO_H 1
| #define HAVE_LIMITS_H 1
| #define HAVE_STDDEF_H 1
| #define HAVE_STDINT_H 1
| #define HAVE_STDLIB_H 1
| #define HAVE_STRING_H 1
| #define HAVE_SYS_TIME_H 1
| #define HAVE_SYSLOG_H 1
| #define HAVE_UNISTD_H 1
| #define HAVE_STDARG_H 1
| /* end confdefs.h.  */
| #include <varargs.h>
configure:20510: result: no
configure:20538: checking for varargs.h
configure:20546: result: no
configure:20434: checking getopt.h usability
configure:20451: gcc -c -g -O2 -Wall  conftest.c >&5
configure:20457: $? = 0
configure:20471: result: yes
configure:20475: checking getopt.h presence
configure:20490: gcc -E  conftest.c
configure:20496: $? = 0
configure:20510: result: yes
configure:20538: checking for getopt.h
configure:20546: result: yes
configure:20424: checking for pthread.h
configure:20430: result: yes
configure:20561: checking for an ANSI C-conforming const
configure:20636: gcc -c -g -O2 -Wall  conftest.c >&5
conftest.c: In function 'main':
conftest.c:67:7: warning: 't' is used uninitialized in this function [-Wuninitialized]
     *t++ = 0;
       ^
conftest.c:89:13: warning: 'cs[0]' is used uninitialized in this function [-Wuninitialized]
   return !cs[0] && !zero.x;
             ^
configure:20642: $? = 0
configure:20657: result: yes
configure:20667: checking for inline
configure:20693: gcc -c -g -O2 -Wall  conftest.c >&5
configure:20699: $? = 0
configure:20717: result: inline
configure:20736: checking for size_t
configure:20766: gcc -c -g -O2 -Wall  conftest.c >&5
configure:20772: $? = 0
configure:20787: result: yes
configure:20799: checking whether time.h and sys/time.h may both be included
configure:20829: gcc -c -g -O2 -Wall  conftest.c >&5
configure:20835: $? = 0
configure:20850: result: yes
configure:20860: checking whether struct tm is in sys/time.h or time.h
configure:20890: gcc -c -g -O2 -Wall  conftest.c >&5
configure:20896: $? = 0
configure:20911: result: time.h
configure:20925: checking for working alloca.h
configure:20952: gcc -o conftest -g -O2 -Wall   conftest.c  -lpthread >&5
configure:20958: $? = 0
configure:20975: result: yes
configure:20985: checking for alloca
configure:21032: gcc -o conftest -g -O2 -Wall   conftest.c  -lpthread >&5
configure:21038: $? = 0
configure:21055: result: yes
configure:21287: checking for stdlib.h
configure:21293: result: yes
configure:21422: checking for GNU libc compatible malloc
configure:21456: gcc -o conftest -g -O2 -Wall   conftest.c  -lpthread >&5
configure:21459: $? = 0
configure:21465: ./conftest
configure:21468: $? = 0
configure:21484: result: yes
configure:21518: checking for stdlib.h
configure:21524: result: yes
configure:21518: checking for unistd.h
configure:21524: result: yes
configure:21657: checking for getpagesize
configure:21713: gcc -o conftest -g -O2 -Wall   conftest.c  -lpthread >&5
configure:21719: $? = 0
configure:21737: result: yes
configure:21747: checking for working mmap
configure:21894: gcc -o conftest -g -O2 -Wall   conftest.c  -lpthread >&5
configure:21897: $? = 0
configure:21903: ./conftest
configure:21906: $? = 0
configure:21922: result: yes
configure:21938: checking for stdlib.h
configure:21944: result: yes
configure:22073: checking for GNU libc compatible realloc
configure:22107: gcc -o conftest -g -O2 -Wall   conftest.c  -lpthread >&5
configure:22110: $? = 0
configure:22116: ./conftest
configure:22119: $? = 0
configure:22135: result: yes
configure:22181: checking utime.h usability
configure:22198: gcc -c -g -O2 -Wall  conftest.c >&5
configure:22204: $? = 0
configure:22218: result: yes
configure:22222: checking utime.h presence
configure:22237: gcc -E  conftest.c
configure:22243: $? = 0
configure:22257: result: yes
configure:22285: checking for utime.h
configure:22293: result: yes
configure:22314: checking whether utime accepts a null argument
configure:22353: gcc -o conftest -g -O2 -Wall   conftest.c  -lpthread >&5
configure:22356: $? = 0
configure:22362: ./conftest
configure:22365: $? = 0
configure:22381: result: yes
configure:22396: checking for vprintf
configure:22452: gcc -o conftest -g -O2 -Wall   conftest.c  -lpthread >&5
conftest.c:74:6: warning: conflicting types for built-in function 'vprintf'
 char vprintf ();
      ^
configure:22458: $? = 0
configure:22476: result: yes
configure:22483: checking for _doprnt
configure:22539: gcc -o conftest -g -O2 -Wall   conftest.c  -lpthread >&5
/tmp/ccEtKRQy.o: In function `main':
/home/fwjie/download/log4c-1.2.1/conftest.c:86: undefined reference to `_doprnt'
collect2: error: ld returned 1 exit status
configure:22545: $? = 1
configure: failed program was:
| /* confdefs.h.  */
| #define PACKAGE_NAME ""
| #define PACKAGE_TARNAME ""
| #define PACKAGE_VERSION ""
| #define PACKAGE_STRING ""
| #define PACKAGE_BUGREPORT ""
| #define PACKAGE "log4c"
| #define VERSION "1.2.1"
| #define _GNU_SOURCE 1
| #define STDC_HEADERS 1
| #define HAVE_SYS_TYPES_H 1
| #define HAVE_SYS_STAT_H 1
| #define HAVE_STDLIB_H 1
| #define HAVE_STRING_H 1
| #define HAVE_MEMORY_H 1
| #define HAVE_STRINGS_H 1
| #define HAVE_INTTYPES_H 1
| #define HAVE_STDINT_H 1
| #define HAVE_UNISTD_H 1
| #define HAVE_DLFCN_H 1
| #define WITH_ROLLINGFILE
| #define STDC_HEADERS 1
| #define HAVE_FCNTL_H 1
| #define HAVE_INTTYPES_H 1
| #define HAVE_LANGINFO_H 1
| #define HAVE_LIMITS_H 1
| #define HAVE_STDDEF_H 1
| #define HAVE_STDINT_H 1
| #define HAVE_STDLIB_H 1
| #define HAVE_STRING_H 1
| #define HAVE_SYS_TIME_H 1
| #define HAVE_SYSLOG_H 1
| #define HAVE_UNISTD_H 1
| #define HAVE_STDARG_H 1
| #define HAVE_GETOPT_H 1
| #define HAVE_PTHREAD_H 1
| #define TIME_WITH_SYS_TIME 1
| #define HAVE_ALLOCA_H 1
| #define HAVE_ALLOCA 1
| #define HAVE_STDLIB_H 1
| #define HAVE_MALLOC 1
| #define HAVE_STDLIB_H 1
| #define HAVE_UNISTD_H 1
| #define HAVE_GETPAGESIZE 1
| #define HAVE_MMAP 1
| #define HAVE_STDLIB_H 1
| #define HAVE_REALLOC 1
| #define HAVE_UTIME_H 1
| #define HAVE_UTIME_NULL 1
| #define HAVE_VPRINTF 1
| /* end confdefs.h.  */
| /* Define _doprnt to an innocuous variant, in case <limits.h> declares _doprnt.
|    For example, HP-UX 11i <limits.h> declares gettimeofday.  */
| #define _doprnt innocuous__doprnt
| 
| /* System header to define __stub macros and hopefully few prototypes,
|     which can conflict with char _doprnt (); below.
|     Prefer <limits.h> to <assert.h> if __STDC__ is defined, since
|     <limits.h> exists even on freestanding compilers.  */
| 
| #ifdef __STDC__
| # include <limits.h>
| #else
| # include <assert.h>
| #endif
| 
| #undef _doprnt
| 
| /* Override any GCC internal prototype to avoid an error.
|    Use char because int might match the return type of a GCC
|    builtin and then its argument prototype would still apply.  */
| #ifdef __cplusplus
| extern "C"
| #endif
| char _doprnt ();
| /* The GNU C library defines this for functions which it implements
|     to always fail with ENOSYS.  Some functions are actually named
|     something starting with __ and the normal name is an alias.  */
| #if defined __stub__doprnt || defined __stub____doprnt
| choke me
| #endif
| 
| int
| main ()
| {
| return _doprnt ();
|   ;
|   return 0;
| }
configure:22562: result: no
configure:22590: checking for gettimeofday
configure:22646: gcc -o conftest -g -O2 -Wall   conftest.c  -lpthread >&5
configure:22652: $? = 0
configure:22670: result: yes
configure:22590: checking for memset
configure:22646: gcc -o conftest -g -O2 -Wall   conftest.c  -lpthread >&5
conftest.c:76:6: warning: conflicting types for built-in function 'memset'
 char memset ();
      ^
configure:22652: $? = 0
configure:22670: result: yes
configure:22590: checking for munmap
configure:22646: gcc -o conftest -g -O2 -Wall   conftest.c  -lpthread >&5
configure:22652: $? = 0
configure:22670: result: yes
configure:22590: checking for nl_langinfo
configure:22646: gcc -o conftest -g -O2 -Wall   conftest.c  -lpthread >&5
configure:22652: $? = 0
configure:22670: result: yes
configure:22590: checking for strdup
configure:22646: gcc -o conftest -g -O2 -Wall   conftest.c  -lpthread >&5
conftest.c:79:6: warning: conflicting types for built-in function 'strdup'
 char strdup ();
      ^
configure:22652: $? = 0
configure:22670: result: yes
configure:22590: checking for strerror
configure:22646: gcc -o conftest -g -O2 -Wall   conftest.c  -lpthread >&5
configure:22652: $? = 0
configure:22670: result: yes
configure:22590: checking for strncasecmp
configure:22646: gcc -o conftest -g -O2 -Wall   conftest.c  -lpthread >&5
conftest.c:81:6: warning: conflicting types for built-in function 'strncasecmp'
 char strncasecmp ();
      ^
configure:22652: $? = 0
configure:22670: result: yes
configure:22590: checking for strrchr
configure:22646: gcc -o conftest -g -O2 -Wall   conftest.c  -lpthread >&5
conftest.c:82:6: warning: conflicting types for built-in function 'strrchr'
 char strrchr ();
      ^
configure:22652: $? = 0
configure:22670: result: yes
configure:22590: checking for strstr
configure:22646: gcc -o conftest -g -O2 -Wall   conftest.c  -lpthread >&5
conftest.c:83:6: warning: conflicting types for built-in function 'strstr'
 char strstr ();
      ^
configure:22652: $? = 0
configure:22670: result: yes
configure:22590: checking for utime
configure:22646: gcc -o conftest -g -O2 -Wall   conftest.c  -lpthread >&5
configure:22652: $? = 0
configure:22670: result: yes
configure:22590: checking for sbrk
configure:22646: gcc -o conftest -g -O2 -Wall   conftest.c  -lpthread >&5
configure:22652: $? = 0
configure:22670: result: yes
configure:22693: checking for doxygen
configure:22726: result: no
configure:22752: checking for dot
configure:22785: result: no
configure:22799: checking for latex
configure:22832: result: no
configure:22909: checking for EXPAT - version >= 1.95.1
configure:22992: gcc -o conftest -g -O2 -Wall    conftest.c  -lexpat  -lpthread >&5
conftest.c:64:19: fatal error: expat.h: No such file or directory
compilation terminated.
configure:22995: $? = 1
configure: program exited with status 1
configure: failed program was:
| /* confdefs.h.  */
| #define PACKAGE_NAME ""
| #define PACKAGE_TARNAME ""
| #define PACKAGE_VERSION ""
| #define PACKAGE_STRING ""
| #define PACKAGE_BUGREPORT ""
| #define PACKAGE "log4c"
| #define VERSION "1.2.1"
| #define _GNU_SOURCE 1
| #define STDC_HEADERS 1
| #define HAVE_SYS_TYPES_H 1
| #define HAVE_SYS_STAT_H 1
| #define HAVE_STDLIB_H 1
| #define HAVE_STRING_H 1
| #define HAVE_MEMORY_H 1
| #define HAVE_STRINGS_H 1
| #define HAVE_INTTYPES_H 1
| #define HAVE_STDINT_H 1
| #define HAVE_UNISTD_H 1
| #define HAVE_DLFCN_H 1
| #define WITH_ROLLINGFILE
| #define STDC_HEADERS 1
| #define HAVE_FCNTL_H 1
| #define HAVE_INTTYPES_H 1
| #define HAVE_LANGINFO_H 1
| #define HAVE_LIMITS_H 1
| #define HAVE_STDDEF_H 1
| #define HAVE_STDINT_H 1
| #define HAVE_STDLIB_H 1
| #define HAVE_STRING_H 1
| #define HAVE_SYS_TIME_H 1
| #define HAVE_SYSLOG_H 1
| #define HAVE_UNISTD_H 1
| #define HAVE_STDARG_H 1
| #define HAVE_GETOPT_H 1
| #define HAVE_PTHREAD_H 1
| #define TIME_WITH_SYS_TIME 1
| #define HAVE_ALLOCA_H 1
| #define HAVE_ALLOCA 1
| #define HAVE_STDLIB_H 1
| #define HAVE_MALLOC 1
| #define HAVE_STDLIB_H 1
| #define HAVE_UNISTD_H 1
| #define HAVE_GETPAGESIZE 1
| #define HAVE_MMAP 1
| #define HAVE_STDLIB_H 1
| #define HAVE_REALLOC 1
| #define HAVE_UTIME_H 1
| #define HAVE_UTIME_NULL 1
| #define HAVE_VPRINTF 1
| #define HAVE_GETTIMEOFDAY 1
| #define HAVE_MEMSET 1
| #define HAVE_MUNMAP 1
| #define HAVE_NL_LANGINFO 1
| #define HAVE_STRDUP 1
| #define HAVE_STRERROR 1
| #define HAVE_STRNCASECMP 1
| #define HAVE_STRRCHR 1
| #define HAVE_STRSTR 1
| #define HAVE_UTIME 1
| #define HAVE_SBRK 1
| /* end confdefs.h.  */
| 
| #include <expat.h>
| #include <stdio.h>
| #include <stdlib.h>
| #include <string.h>
| 
| int
| main ()
| {
|    int expat_major, expat_minor, expat_micro;
|    int major, minor, micro;
|    char *tmp_expat_version;
|    char *tmp_version;
| 
|    system ("touch conf.expattest");
| 
|    /* HP/UX 9 (%@#!) writes to sscanf strings */
|    tmp_expat_version = strdup(XML_ExpatVersion());
|    if (sscanf(tmp_expat_version, "expat_%d.%d.%d", &expat_major, &expat_minor, &expat_micro) != 3) {
|      printf("%s, bad expat version string\n", XML_ExpatVersion());
|      exit(1);
|    }
| 
|    /* HP/UX 9 (%@#!) writes to sscanf strings */
|    tmp_version = strdup("1.95.1");
|    if (sscanf(tmp_version, "%d.%d.%d", &major, &minor, &micro) != 3) {
|      printf("%s, bad version string\n", "1.95.1");
|      exit(1);
|    }
| 
|    if ((expat_major > major) ||
|       ((expat_major == major) && (expat_minor > minor)) ||
|       ((expat_major == major) && (expat_minor == minor) && (expat_micro >= micro)))
|    {
|         return 0;
|    }
|    else
|    {
|         printf("\n*** An old version of EXPAT (%d.%d.%d) was found.\n",
|                expat_major, expat_minor, expat_micro);
|         printf("*** You need a version of EXPAT newer than %d.%d.%d. The latest version of\n",
| 	       major, minor, micro);
|         printf("***\n");
|         printf("*** If you have already installed a sufficiently new version, this error\n");
|         printf("*** probably means that the wrong copy of the expat-config shell script is\n");
|         printf("*** being found. The easiest way to fix this is to remove the old version\n");
|         printf("*** of EXPAT, but you can also set the EXPAT_CONFIG environment to point to the\n");
|         printf("*** correct copy of expat-config. (In this case, you will have to\n");
|         printf("*** modify your LD_LIBRARY_PATH enviroment variable, or edit /etc/ld.so.conf\n");
|         printf("*** so that the correct libraries are found at run-time))\n");
|    }
|    return 1;
| }
| 
configure:23029: result: no
configure:23062: gcc -o conftest -g -O2 -Wall    conftest.c  -lpthread  -lexpat >&5
conftest.c:64:19: fatal error: expat.h: No such file or directory
compilation terminated.
configure:23068: $? = 1
configure: failed program was:
| /* confdefs.h.  */
| #define PACKAGE_NAME ""
| #define PACKAGE_TARNAME ""
| #define PACKAGE_VERSION ""
| #define PACKAGE_STRING ""
| #define PACKAGE_BUGREPORT ""
| #define PACKAGE "log4c"
| #define VERSION "1.2.1"
| #define _GNU_SOURCE 1
| #define STDC_HEADERS 1
| #define HAVE_SYS_TYPES_H 1
| #define HAVE_SYS_STAT_H 1
| #define HAVE_STDLIB_H 1
| #define HAVE_STRING_H 1
| #define HAVE_MEMORY_H 1
| #define HAVE_STRINGS_H 1
| #define HAVE_INTTYPES_H 1
| #define HAVE_STDINT_H 1
| #define HAVE_UNISTD_H 1
| #define HAVE_DLFCN_H 1
| #define WITH_ROLLINGFILE
| #define STDC_HEADERS 1
| #define HAVE_FCNTL_H 1
| #define HAVE_INTTYPES_H 1
| #define HAVE_LANGINFO_H 1
| #define HAVE_LIMITS_H 1
| #define HAVE_STDDEF_H 1
| #define HAVE_STDINT_H 1
| #define HAVE_STDLIB_H 1
| #define HAVE_STRING_H 1
| #define HAVE_SYS_TIME_H 1
| #define HAVE_SYSLOG_H 1
| #define HAVE_UNISTD_H 1
| #define HAVE_STDARG_H 1
| #define HAVE_GETOPT_H 1
| #define HAVE_PTHREAD_H 1
| #define TIME_WITH_SYS_TIME 1
| #define HAVE_ALLOCA_H 1
| #define HAVE_ALLOCA 1
| #define HAVE_STDLIB_H 1
| #define HAVE_MALLOC 1
| #define HAVE_STDLIB_H 1
| #define HAVE_UNISTD_H 1
| #define HAVE_GETPAGESIZE 1
| #define HAVE_MMAP 1
| #define HAVE_STDLIB_H 1
| #define HAVE_REALLOC 1
| #define HAVE_UTIME_H 1
| #define HAVE_UTIME_NULL 1
| #define HAVE_VPRINTF 1
| #define HAVE_GETTIMEOFDAY 1
| #define HAVE_MEMSET 1
| #define HAVE_MUNMAP 1
| #define HAVE_NL_LANGINFO 1
| #define HAVE_STRDUP 1
| #define HAVE_STRERROR 1
| #define HAVE_STRNCASECMP 1
| #define HAVE_STRRCHR 1
| #define HAVE_STRSTR 1
| #define HAVE_UTIME 1
| #define HAVE_SBRK 1
| /* end confdefs.h.  */
| 
| #include <expat.h>
| #include <stdio.h>
| 
| int
| main ()
| {
|  return (XML_ExpatVersion());
|   ;
|   return 0;
| }
configure:23285: creating ./config.status

## ---------------------- ##
## Running config.status. ##
## ---------------------- ##

This file was extended by config.status, which was
generated by GNU Autoconf 2.61.  Invocation command line was

  CONFIG_FILES    = 
  CONFIG_HEADERS  = 
  CONFIG_LINKS    = 
  CONFIG_COMMANDS = 
  $ ./config.status 

on ipr

config.status:707: creating Makefile
config.status:707: creating log4c-config
config.status:707: creating log4crc.sample
config.status:707: creating log4c.spec
config.status:707: creating config/Makefile
config.status:707: creating doc/Makefile
config.status:707: creating doc/Doxyfile
config.status:707: creating doc/main.doc
config.status:707: creating src/Makefile
config.status:707: creating src/log4c/Makefile
config.status:707: creating src/log4c/version.h
config.status:707: creating src/sd/Makefile
config.status:707: creating tests/Makefile
config.status:707: creating tests/log4c/Makefile
config.status:707: creating examples/Makefile
config.status:707: creating examples/log4crc
config.status:707: creating examples/helloworld/Makefile
config.status:707: creating examples/helloworld1/Makefile
config.status:707: creating src/config.h
config.status:1030: executing depfiles commands
config.status:1030: executing default commands

## ---------------- ##
## Cache variables. ##
## ---------------- ##

ac_cv_build=x86_64-unknown-linux-gnu
ac_cv_c_compiler_gnu=yes
ac_cv_c_const=yes
ac_cv_c_inline=inline
ac_cv_cxx_compiler_gnu=yes
ac_cv_env_CCC_set=
ac_cv_env_CCC_value=
ac_cv_env_CC_set=
ac_cv_env_CC_value=
ac_cv_env_CFLAGS_set=
ac_cv_env_CFLAGS_value=
ac_cv_env_CPPFLAGS_set=
ac_cv_env_CPPFLAGS_value=
ac_cv_env_CPP_set=
ac_cv_env_CPP_value=
ac_cv_env_CXXCPP_set=
ac_cv_env_CXXCPP_value=
ac_cv_env_CXXFLAGS_set=
ac_cv_env_CXXFLAGS_value=
ac_cv_env_CXX_set=
ac_cv_env_CXX_value=
ac_cv_env_F77_set=
ac_cv_env_F77_value=
ac_cv_env_FFLAGS_set=
ac_cv_env_FFLAGS_value=
ac_cv_env_LDFLAGS_set=
ac_cv_env_LDFLAGS_value=
ac_cv_env_LIBS_set=
ac_cv_env_LIBS_value=
ac_cv_env_YACC_set=
ac_cv_env_YACC_value=
ac_cv_env_YFLAGS_set=
ac_cv_env_YFLAGS_value=
ac_cv_env_build_alias_set=
ac_cv_env_build_alias_value=
ac_cv_env_host_alias_set=
ac_cv_env_host_alias_value=
ac_cv_env_target_alias_set=
ac_cv_env_target_alias_value=
ac_cv_f77_compiler_gnu=no
ac_cv_func__doprnt=no
ac_cv_func_alloca_works=yes
ac_cv_func_getpagesize=yes
ac_cv_func_gettimeofday=yes
ac_cv_func_malloc_0_nonnull=yes
ac_cv_func_memset=yes
ac_cv_func_mmap_fixed_mapped=yes
ac_cv_func_munmap=yes
ac_cv_func_nl_langinfo=yes
ac_cv_func_realloc_0_nonnull=yes
ac_cv_func_sbrk=yes
ac_cv_func_strdup=yes
ac_cv_func_strerror=yes
ac_cv_func_strncasecmp=yes
ac_cv_func_strrchr=yes
ac_cv_func_strstr=yes
ac_cv_func_utime=yes
ac_cv_func_utime_null=yes
ac_cv_func_vprintf=yes
ac_cv_header_dlfcn_h=yes
ac_cv_header_fcntl_h=yes
ac_cv_header_getopt_h=yes
ac_cv_header_inttypes_h=yes
ac_cv_header_langinfo_h=yes
ac_cv_header_limits_h=yes
ac_cv_header_memory_h=yes
ac_cv_header_pthread_h=yes
ac_cv_header_stdarg_h=yes
ac_cv_header_stdc=yes
ac_cv_header_stddef_h=yes
ac_cv_header_stdint_h=yes
ac_cv_header_stdlib_h=yes
ac_cv_header_string_h=yes
ac_cv_header_strings_h=yes
ac_cv_header_sys_stat_h=yes
ac_cv_header_sys_time_h=yes
ac_cv_header_sys_types_h=yes
ac_cv_header_syslog_h=yes
ac_cv_header_time=yes
ac_cv_header_unistd_h=yes
ac_cv_header_utime_h=yes
ac_cv_header_varargs_h=no
ac_cv_host=x86_64-unknown-linux-gnu
ac_cv_lib_pthread_pthread_mutex_init=yes
ac_cv_objext=o
ac_cv_path_EGREP='/bin/grep -E'
ac_cv_path_GREP=/bin/grep
ac_cv_path_install='/usr/bin/install -c'
ac_cv_path_mkdir=/bin/mkdir
ac_cv_prog_AWK=gawk
ac_cv_prog_CPP='gcc -E'
ac_cv_prog_CXXCPP='g++ -E'
ac_cv_prog_ac_ct_AR=ar
ac_cv_prog_ac_ct_CC=gcc
ac_cv_prog_ac_ct_CXX=g++
ac_cv_prog_ac_ct_RANLIB=ranlib
ac_cv_prog_ac_ct_STRIP=strip
ac_cv_prog_cc_c89=
ac_cv_prog_cc_g=yes
ac_cv_prog_cxx_g=yes
ac_cv_prog_f77_g=no
ac_cv_prog_make_make_set=yes
ac_cv_struct_tm=time.h
ac_cv_type_size_t=yes
ac_cv_working_alloca_h=yes
am_cv_CC_dependencies_compiler_type=gcc3
am_cv_CXX_dependencies_compiler_type=gcc3
lt_cv_deplibs_check_method=pass_all
lt_cv_file_magic_cmd='$MAGIC_CMD'
lt_cv_file_magic_test_file=
lt_cv_ld_reload_flag=-r
lt_cv_objdir=.libs
lt_cv_path_LD=/usr/bin/ld
lt_cv_path_LDCXX='/usr/bin/ld -m elf_x86_64'
lt_cv_path_NM='/usr/bin/nm -B'
lt_cv_path_SED=/bin/sed
lt_cv_prog_compiler_c_o=yes
lt_cv_prog_compiler_c_o_CXX=yes
lt_cv_prog_compiler_rtti_exceptions=no
lt_cv_prog_gnu_ld=yes
lt_cv_prog_gnu_ldcxx=yes
lt_cv_sys_global_symbol_pipe='sed -n -e '\''s/^.*[ 	]\([ABCDGIRSTW][ABCDGIRSTW]*\)[ 	][ 	]*\([_A-Za-z][_A-Za-z0-9]*\)$/\1 \2 \2/p'\'''
lt_cv_sys_global_symbol_to_c_name_address='sed -n -e '\''s/^: \([^ ]*\) $/  {\"\1\", (lt_ptr) 0},/p'\'' -e '\''s/^[BCDEGRST] \([^ ]*\) \([^ ]*\)$/  {"\2", (lt_ptr) \&\2},/p'\'''
lt_cv_sys_global_symbol_to_cdecl='sed -n -e '\''s/^. .* \(.*\)$/extern int \1;/p'\'''
lt_cv_sys_max_cmd_len=32768
lt_lt_cv_prog_compiler_c_o='"yes"'
lt_lt_cv_prog_compiler_c_o_CXX='"yes"'
lt_lt_cv_sys_global_symbol_pipe='"sed -n -e '\''s/^.*[ 	]\\([ABCDGIRSTW][ABCDGIRSTW]*\\)[ 	][ 	]*\\([_A-Za-z][_A-Za-z0-9]*\\)\$/\\1 \\2 \\2/p'\''"'
lt_lt_cv_sys_global_symbol_to_c_name_address='"sed -n -e '\''s/^: \\([^ ]*\\) \$/  {\\\"\\1\\\", (lt_ptr) 0},/p'\'' -e '\''s/^[BCDEGRST] \\([^ ]*\\) \\([^ ]*\\)\$/  {\"\\2\", (lt_ptr) \\&\\2},/p'\''"'
lt_lt_cv_sys_global_symbol_to_cdecl='"sed -n -e '\''s/^. .* \\(.*\\)\$/extern int \\1;/p'\''"'

## ----------------- ##
## Output variables. ##
## ----------------- ##

ACLOCAL='${SHELL} /home/fwjie/download/log4c-1.2.1/config/missing --run aclocal-1.10'
ALLOCA=''
AMDEPBACKSLASH='\'
AMDEP_FALSE='#'
AMDEP_TRUE=''
AMTAR='${SHELL} /home/fwjie/download/log4c-1.2.1/config/missing --run tar'
AR='ar'
AUTOCONF='${SHELL} /home/fwjie/download/log4c-1.2.1/config/missing --run autoconf'
AUTOHEADER='${SHELL} /home/fwjie/download/log4c-1.2.1/config/missing --run autoheader'
AUTOMAKE='${SHELL} /home/fwjie/download/log4c-1.2.1/config/missing --run automake-1.10'
AWK='gawk'
CC='gcc'
CCDEPMODE='depmode=gcc3'
CFLAGS='-g -O2 -Wall'
CPP='gcc -E'
CPPFLAGS=''
CXX='g++'
CXXCPP='g++ -E'
CXXDEPMODE='depmode=gcc3'
CXXFLAGS='-g -O2'
CYGPATH_W='echo'
DEFS='-DHAVE_CONFIG_H'
DEPDIR='.deps'
DOC_FALSE=''
DOC_TRUE='#'
DOT=''
DOXYGEN=''
ECHO='echo'
ECHO_C=''
ECHO_N='-n'
ECHO_T=''
EGREP='/bin/grep -E'
EXEEXT=''
EXPAT_CFLAGS=''
EXPAT_LIBS=''
F77=''
FFLAGS=''
GREP='/bin/grep'
HAVE_DOT='NO'
HAVE_LATEX='NO'
HAVE_LATEX_FALSE=''
HAVE_LATEX_TRUE='#'
INSTALL_DATA='${INSTALL} -m 644'
INSTALL_PROGRAM='${INSTALL}'
INSTALL_SCRIPT='${INSTALL}'
INSTALL_STRIP_PROGRAM='$(install_sh) -c -s'
LATEX=''
LDFLAGS=''
LEX='${SHELL} /home/fwjie/download/log4c-1.2.1/config/missing --run flex'
LEXLIB=''
LEX_OUTPUT_ROOT=''
LIBOBJS=''
LIBS=' -lpthread'
LIBTOOL='$(SHELL) $(top_builddir)/libtool'
LN_S='ln -s'
LOG4C_MAJOR_VERSION='1'
LOG4C_MICRO_VERSION='1'
LOG4C_MINOR_VERSION='2'
LTLIBOBJS=''
LT_VERSION='4:0:1'
MAKEINFO='${SHELL} /home/fwjie/download/log4c-1.2.1/config/missing --run makeinfo'
OBJEXT='o'
PACKAGE='log4c'
PACKAGE_BUGREPORT=''
PACKAGE_NAME=''
PACKAGE_STRING=''
PACKAGE_TARNAME=''
PACKAGE_VERSION=''
PATH_SEPARATOR=':'
RANLIB='ranlib'
SET_MAKE=''
SHELL='/bin/bash'
STRIP='strip'
TEST_FALSE=''
TEST_TRUE='#'
USE_EXPAT_FALSE=''
USE_EXPAT_TRUE='#'
VERSION='1.2.1'
WITH_ROLLINGFILE_FALSE='#'
WITH_ROLLINGFILE_TRUE=''
YACC='yacc'
YFLAGS=''
ac_ct_CC='gcc'
ac_ct_CXX='g++'
ac_ct_F77=''
am__fastdepCC_FALSE='#'
am__fastdepCC_TRUE=''
am__fastdepCXX_FALSE='#'
am__fastdepCXX_TRUE=''
am__include='include'
am__isrc=''
am__leading_dot='.'
am__quote=''
am__tar='${AMTAR} chof - "$$tardir"'
am__untar='${AMTAR} xf -'
bindir='${exec_prefix}/bin'
build='x86_64-unknown-linux-gnu'
build_alias=''
build_cpu='x86_64'
build_os='linux-gnu'
build_vendor='unknown'
datadir='${datarootdir}'
datarootdir='${prefix}/share'
docdir='${datarootdir}/doc/${PACKAGE}'
dvidir='${docdir}'
exec_prefix='${prefix}'
host='x86_64-unknown-linux-gnu'
host_alias=''
host_cpu='x86_64'
host_os='linux-gnu'
host_vendor='unknown'
htmldir='${docdir}'
includedir='${prefix}/include'
infodir='${datarootdir}/info'
install_sh='$(SHELL) /home/fwjie/download/log4c-1.2.1/config/install-sh'
libdir='${exec_prefix}/lib'
libexecdir='${exec_prefix}/libexec'
localedir='${datarootdir}/locale'
localstatedir='${prefix}/var'
mandir='${datarootdir}/man'
mkdir_p='/bin/mkdir -p'
oldincludedir='/usr/include'
pdfdir='${docdir}'
prefix='/home/fwjie/download/log4c-1.2.1/lib'
program_transform_name='s,x,x,'
psdir='${docdir}'
sbindir='${exec_prefix}/sbin'
sharedstatedir='${prefix}/com'
sysconfdir='${prefix}/etc'
target_alias=''

## ----------- ##
## confdefs.h. ##
## ----------- ##

#define PACKAGE_NAME ""
#define PACKAGE_TARNAME ""
#define PACKAGE_VERSION ""
#define PACKAGE_STRING ""
#define PACKAGE_BUGREPORT ""
#define PACKAGE "log4c"
#define VERSION "1.2.1"
#define _GNU_SOURCE 1
#define STDC_HEADERS 1
#define HAVE_SYS_TYPES_H 1
#define HAVE_SYS_STAT_H 1
#define HAVE_STDLIB_H 1
#define HAVE_STRING_H 1
#define HAVE_MEMORY_H 1
#define HAVE_STRINGS_H 1
#define HAVE_INTTYPES_H 1
#define HAVE_STDINT_H 1
#define HAVE_UNISTD_H 1
#define HAVE_DLFCN_H 1
#define WITH_ROLLINGFILE
#define STDC_HEADERS 1
#define HAVE_FCNTL_H 1
#define HAVE_INTTYPES_H 1
#define HAVE_LANGINFO_H 1
#define HAVE_LIMITS_H 1
#define HAVE_STDDEF_H 1
#define HAVE_STDINT_H 1
#define HAVE_STDLIB_H 1
#define HAVE_STRING_H 1
#define HAVE_SYS_TIME_H 1
#define HAVE_SYSLOG_H 1
#define HAVE_UNISTD_H 1
#define HAVE_STDARG_H 1
#define HAVE_GETOPT_H 1
#define HAVE_PTHREAD_H 1
#define TIME_WITH_SYS_TIME 1
#define HAVE_ALLOCA_H 1
#define HAVE_ALLOCA 1
#define HAVE_STDLIB_H 1
#define HAVE_MALLOC 1
#define HAVE_STDLIB_H 1
#define HAVE_UNISTD_H 1
#define HAVE_GETPAGESIZE 1
#define HAVE_MMAP 1
#define HAVE_STDLIB_H 1
#define HAVE_REALLOC 1
#define HAVE_UTIME_H 1
#define HAVE_UTIME_NULL 1
#define HAVE_VPRINTF 1
#define HAVE_GETTIMEOFDAY 1
#define HAVE_MEMSET 1
#define HAVE_MUNMAP 1
#define HAVE_NL_LANGINFO 1
#define HAVE_STRDUP 1
#define HAVE_STRERROR 1
#define HAVE_STRNCASECMP 1
#define HAVE_STRRCHR 1
#define HAVE_STRSTR 1
#define HAVE_UTIME 1
#define HAVE_SBRK 1

configure: exit 0
